<?xml version="1.0" encoding="UTF-8"?>
<testng-results ignored="0" total="1" passed="1" failed="0" skipped="0">
  <reporter-output>
  </reporter-output>
  <suite started-at="2024-02-28T09:12:53 EST" name="Suite" finished-at="2024-02-28T09:13:40 EST" duration-ms="46701">
    <groups>
      <group name="cucumber">
        <method signature="AbstractTestNGCucumberTests.feature(cucumber.api.testng.CucumberFeatureWrapper)[pri:0, instance:com.cucumber.framework.runner.CheckersGameRunner@549ac12c]" name="feature" class="cucumber.api.testng.AbstractTestNGCucumberTests"/>
      </group> <!-- cucumber -->
    </groups>
    <test started-at="2024-02-28T09:12:53 EST" name="Test - 1" finished-at="2024-02-28T09:13:40 EST" duration-ms="46701">
      <class name="com.cucumber.framework.runner.CheckersGameRunner">
        <test-method is-config="true" signature="setUpClass()[pri:0, instance:com.cucumber.framework.runner.CheckersGameRunner@549ac12c]" started-at="2024-02-28T09:12:53 EST" name="setUpClass" finished-at="2024-02-28T09:12:54 EST" duration-ms="671" status="PASS">
          <reporter-output>
          </reporter-output>
        </test-method> <!-- setUpClass -->
        <test-method signature="feature(cucumber.api.testng.CucumberFeatureWrapper)[pri:0, instance:com.cucumber.framework.runner.CheckersGameRunner@549ac12c]" started-at="2024-02-28T09:12:54 EST" name="feature" description="Runs Cucumber Feature" data-provider="features" finished-at="2024-02-28T09:13:39 EST" duration-ms="45029" status="PASS">
          <params>
            <param index="0">
              <value>
                <![CDATA[The Checkers Game GUI Testing]]>
              </value>
            </param>
          </params>
          <reporter-output>
          </reporter-output>
        </test-method> <!-- feature -->
        <test-method is-config="true" signature="tearDownClass()[pri:0, instance:com.cucumber.framework.runner.CheckersGameRunner@549ac12c]" started-at="2024-02-28T09:13:39 EST" name="tearDownClass" finished-at="2024-02-28T09:13:40 EST" duration-ms="194" status="PASS">
          <reporter-output>
          </reporter-output>
        </test-method> <!-- tearDownClass -->
      </class> <!-- com.cucumber.framework.runner.CheckersGameRunner -->
    </test> <!-- Test - 1 -->
  </suite> <!-- Suite -->
</testng-results>
